Args in experiment:
Namespace(activation='gelu', affine=0, batch_size=128, c_out=7, checkpoints='./checkpoints/', d_ff=128, d_layers=1, d_model=16, data='custom', data_path='data_basilica_di_santa_anastasia.csv', dec_in=5, decomposition=0, des='Exp', devices='0,1,2,3', distil=True, do_predict=False, dropout=0.3, e_layers=3, embed='timeF', embed_type=0, enc_in=5, factor=1, fc_dropout=0.3, features='MS', freq='t', gpu=0, head_dropout=0.0, individual=0, is_training=1, itr=1, kernel_size=25, label_len=48, learning_rate=0.0001, loss='mse', lradj='type3', model='PatchTST', model_id='data_basilica_di_santa_anastasia', moving_avg=25, n_heads=4, num_workers=10, output_attention=False, padding_patch='end', patch_len=16, patience=100, pct_start=0.3, pred_len=96, random_seed=2025, revin=1, root_path='/home/dario/Università/Data_science/Secondo_anno-secondo_semestre/Stage/Code/../main_dataset/count_data', seq_len=96, stride=1, subtract_last=0, target='count', test_flop=False, train_epochs=1, use_amp=False, use_gpu=True, use_multi_gpu=False)
Use GPU: cuda:0
>>>>>>>start training : data_basilica_di_santa_anastasia_PatchTST_custom_ftMS_sl96_ll48_pl96_dm16_nh4_el3_dl1_df128_fc1_ebtimeF_dtTrue_Exp_0>>>>>>>>>>>>>>>>>>>>>>>>>>
train 219487
val 31288
test 62670
	iters: 100, epoch: 1 | loss: 1.6976545
	speed: 0.2088s/iter; left time: 337.2538s
	iters: 200, epoch: 1 | loss: 1.4727473
	speed: 0.2068s/iter; left time: 313.3262s
	iters: 300, epoch: 1 | loss: 1.5761679
	speed: 0.2071s/iter; left time: 292.9850s
	iters: 400, epoch: 1 | loss: 1.4197454
	speed: 0.2070s/iter; left time: 272.1426s
	iters: 500, epoch: 1 | loss: 1.4060824
	speed: 0.2073s/iter; left time: 251.9297s
	iters: 600, epoch: 1 | loss: 1.4531610
	speed: 0.2070s/iter; left time: 230.8130s
	iters: 700, epoch: 1 | loss: 1.2493972
	speed: 0.2070s/iter; left time: 210.0791s
	iters: 800, epoch: 1 | loss: 1.2529235
	speed: 0.2071s/iter; left time: 189.4515s
	iters: 900, epoch: 1 | loss: 1.4703625
	speed: 0.2076s/iter; left time: 169.2301s
	iters: 1000, epoch: 1 | loss: 1.3523152
	speed: 0.2052s/iter; left time: 146.7483s
	iters: 1100, epoch: 1 | loss: 0.9877574
	speed: 0.2073s/iter; left time: 127.5000s
	iters: 1200, epoch: 1 | loss: 1.1340245
	speed: 0.2070s/iter; left time: 106.5999s
	iters: 1300, epoch: 1 | loss: 1.1931090
	speed: 0.2069s/iter; left time: 85.8612s
	iters: 1400, epoch: 1 | loss: 1.2754009
	speed: 0.2069s/iter; left time: 65.1582s
	iters: 1500, epoch: 1 | loss: 1.0055977
	speed: 0.2067s/iter; left time: 44.4348s
	iters: 1600, epoch: 1 | loss: 1.1684704
	speed: 0.2065s/iter; left time: 23.7437s
	iters: 1700, epoch: 1 | loss: 0.9833728
	speed: 0.2071s/iter; left time: 3.1058s
Epoch: 1 cost time: 354.93375992774963
Epoch: 1, Steps: 1714 | Train Loss: 1.3132885 Vali Loss: 0.0009652 Test Loss: 0.1166288
Validation loss decreased (inf --> 0.000965).  Saving model ...
Updating learning rate to 0.0001
>>>>>>>testing : data_basilica_di_santa_anastasia_PatchTST_custom_ftMS_sl96_ll48_pl96_dm16_nh4_el3_dl1_df128_fc1_ebtimeF_dtTrue_Exp_0<<<<<<<<<<<<<<<<<<<<<<<<<<<<<<<<<
test 62670
mse:0.11662881076335907, mae:0.1717308610677719, rse:0.8813616037368774
