Args in experiment:
Namespace(activation='gelu', affine=0, batch_size=128, c_out=7, checkpoints='./checkpoints/', d_ff=128, d_layers=1, d_model=16, data='custom', data_path='data_complesso_del_duomo.csv', dec_in=5, decomposition=0, des='Exp', devices='0,1,2,3', distil=True, do_predict=False, dropout=0.3, e_layers=3, embed='timeF', embed_type=0, enc_in=5, factor=1, fc_dropout=0.3, features='MS', freq='t', gpu=0, head_dropout=0.0, individual=0, is_training=1, itr=1, kernel_size=25, label_len=48, learning_rate=0.0001, loss='mse', lradj='type3', model='PatchTST', model_id='data_complesso_del_duomo', moving_avg=25, n_heads=4, num_workers=10, output_attention=False, padding_patch='end', patch_len=16, patience=100, pct_start=0.3, pred_len=96, random_seed=2025, revin=1, root_path='/home/dario/Università/Data_science/Secondo_anno-secondo_semestre/Stage/Code/../main_dataset/count_data', seq_len=96, stride=1, subtract_last=0, target='count', test_flop=False, train_epochs=1, use_amp=False, use_gpu=True, use_multi_gpu=False)
Use GPU: cuda:0
>>>>>>>start training : data_complesso_del_duomo_PatchTST_custom_ftMS_sl96_ll48_pl96_dm16_nh4_el3_dl1_df128_fc1_ebtimeF_dtTrue_Exp_0>>>>>>>>>>>>>>>>>>>>>>>>>>
train 219487
val 31288
test 62670
	iters: 100, epoch: 1 | loss: 1.6909065
	speed: 0.2153s/iter; left time: 347.7575s
	iters: 200, epoch: 1 | loss: 1.5206833
	speed: 0.2005s/iter; left time: 303.7050s
	iters: 300, epoch: 1 | loss: 1.4658382
	speed: 0.2006s/iter; left time: 283.8569s
	iters: 400, epoch: 1 | loss: 1.4751880
	speed: 0.2016s/iter; left time: 265.0551s
	iters: 500, epoch: 1 | loss: 1.4852123
	speed: 0.2023s/iter; left time: 245.7505s
	iters: 600, epoch: 1 | loss: 1.3763632
	speed: 0.2026s/iter; left time: 225.9487s
	iters: 700, epoch: 1 | loss: 1.2870665
	speed: 0.2039s/iter; left time: 206.9092s
	iters: 800, epoch: 1 | loss: 1.2800299
	speed: 0.2051s/iter; left time: 187.6222s
	iters: 900, epoch: 1 | loss: 1.3356928
	speed: 0.2056s/iter; left time: 167.5451s
	iters: 1000, epoch: 1 | loss: 1.4425981
	speed: 0.2065s/iter; left time: 147.6531s
	iters: 1100, epoch: 1 | loss: 1.0574381
	speed: 0.2068s/iter; left time: 127.1543s
	iters: 1200, epoch: 1 | loss: 1.1830761
	speed: 0.2068s/iter; left time: 106.5242s
	iters: 1300, epoch: 1 | loss: 1.1661441
	speed: 0.2069s/iter; left time: 85.8630s
	iters: 1400, epoch: 1 | loss: 1.3379455
	speed: 0.2068s/iter; left time: 65.1411s
	iters: 1500, epoch: 1 | loss: 1.0825474
	speed: 0.2053s/iter; left time: 44.1308s
	iters: 1600, epoch: 1 | loss: 1.1597879
	speed: 0.2049s/iter; left time: 23.5594s
	iters: 1700, epoch: 1 | loss: 1.0029678
	speed: 0.2042s/iter; left time: 3.0630s
Epoch: 1 cost time: 351.8441503047943
Epoch: 1, Steps: 1714 | Train Loss: 1.3456873 Vali Loss: 0.0008106 Test Loss: 0.1202678
Validation loss decreased (inf --> 0.000811).  Saving model ...
Updating learning rate to 0.0001
>>>>>>>testing : data_complesso_del_duomo_PatchTST_custom_ftMS_sl96_ll48_pl96_dm16_nh4_el3_dl1_df128_fc1_ebtimeF_dtTrue_Exp_0<<<<<<<<<<<<<<<<<<<<<<<<<<<<<<<<<
test 62670
mse:0.12026778608560562, mae:0.17179033160209656, rse:0.9028837084770203
