Args in experiment:
Namespace(activation='gelu', affine=0, batch_size=128, c_out=7, checkpoints='./checkpoints/', d_ff=128, d_layers=1, d_model=16, data='custom', data_path='data_giardino_giusti.csv', dec_in=5, decomposition=0, des='Exp', devices='0,1,2,3', distil=True, do_predict=False, dropout=0.3, e_layers=3, embed='timeF', embed_type=0, enc_in=5, factor=1, fc_dropout=0.3, features='MS', freq='t', gpu=0, head_dropout=0.0, individual=0, is_training=1, itr=1, kernel_size=25, label_len=48, learning_rate=0.0001, loss='mse', lradj='type3', model='PatchTST', model_id='data_giardino_giusti', moving_avg=25, n_heads=4, num_workers=10, output_attention=False, padding_patch='end', patch_len=16, patience=100, pct_start=0.3, pred_len=96, random_seed=2025, revin=1, root_path='/home/dario/Università/Data_science/Secondo_anno-secondo_semestre/Stage/Code/../main_dataset/count_data', seq_len=96, stride=1, subtract_last=0, target='count', test_flop=False, train_epochs=1, use_amp=False, use_gpu=True, use_multi_gpu=False)
Use GPU: cuda:0
>>>>>>>start training : data_giardino_giusti_PatchTST_custom_ftMS_sl96_ll48_pl96_dm16_nh4_el3_dl1_df128_fc1_ebtimeF_dtTrue_Exp_0>>>>>>>>>>>>>>>>>>>>>>>>>>
train 205511
val 29291
test 58677
	iters: 100, epoch: 1 | loss: 1.7603967
	speed: 0.2156s/iter; left time: 324.6773s
	iters: 200, epoch: 1 | loss: 1.8598862
	speed: 0.2013s/iter; left time: 282.9713s
	iters: 300, epoch: 1 | loss: 1.8604724
	speed: 0.2033s/iter; left time: 265.4939s
	iters: 400, epoch: 1 | loss: 1.8373330
	speed: 0.2046s/iter; left time: 246.7549s
	iters: 500, epoch: 1 | loss: 1.7334876
	speed: 0.2056s/iter; left time: 227.3473s
	iters: 600, epoch: 1 | loss: 1.5850308
	speed: 0.2063s/iter; left time: 207.5311s
	iters: 700, epoch: 1 | loss: 1.4581633
	speed: 0.2068s/iter; left time: 187.4001s
	iters: 800, epoch: 1 | loss: 2.0004106
	speed: 0.2073s/iter; left time: 167.0673s
	iters: 900, epoch: 1 | loss: 1.4780182
	speed: 0.2075s/iter; left time: 146.5096s
	iters: 1000, epoch: 1 | loss: 1.3782537
	speed: 0.2079s/iter; left time: 125.9923s
	iters: 1100, epoch: 1 | loss: 1.4597909
	speed: 0.2077s/iter; left time: 105.1111s
	iters: 1200, epoch: 1 | loss: 1.4294167
	speed: 0.2080s/iter; left time: 84.4674s
	iters: 1300, epoch: 1 | loss: 1.6018341
	speed: 0.2080s/iter; left time: 63.6538s
	iters: 1400, epoch: 1 | loss: 1.4588141
	speed: 0.2082s/iter; left time: 42.8933s
	iters: 1500, epoch: 1 | loss: 1.4821453
	speed: 0.2082s/iter; left time: 22.0713s
	iters: 1600, epoch: 1 | loss: 1.5281940
	speed: 0.2086s/iter; left time: 1.2514s
Epoch: 1 cost time: 332.6975543498993
