Args in experiment:
Namespace(activation='gelu', affine=0, batch_size=128, c_out=7, checkpoints='./checkpoints/', d_ff=128, d_layers=1, d_model=16, data='custom', data_path='data_chiesa_di_san_fermo.csv', dec_in=5, decomposition=0, des='Exp', devices='0,1,2,3', distil=True, do_predict=False, dropout=0.3, e_layers=3, embed='timeF', embed_type=0, enc_in=5, factor=1, fc_dropout=0.3, features='MS', freq='t', gpu=0, head_dropout=0.0, individual=0, is_training=1, itr=1, kernel_size=25, label_len=48, learning_rate=0.0001, loss='mse', lradj='type3', model='PatchTST', model_id='data_chiesa_di_san_fermo', moving_avg=25, n_heads=4, num_workers=10, output_attention=False, padding_patch='end', patch_len=16, patience=100, pct_start=0.3, pred_len=96, random_seed=2025, revin=1, root_path='/home/dario/Università/Data_science/Secondo_anno-secondo_semestre/Stage/Code/../main_dataset/count_data', seq_len=96, stride=1, subtract_last=0, target='count', test_flop=False, train_epochs=1, use_amp=False, use_gpu=True, use_multi_gpu=False)
Use GPU: cuda:0
>>>>>>>start training : data_chiesa_di_san_fermo_PatchTST_custom_ftMS_sl96_ll48_pl96_dm16_nh4_el3_dl1_df128_fc1_ebtimeF_dtTrue_Exp_0>>>>>>>>>>>>>>>>>>>>>>>>>>
train 219490
val 31288
test 62671
	iters: 100, epoch: 1 | loss: 1.8107023
	speed: 0.2083s/iter; left time: 336.4043s
	iters: 200, epoch: 1 | loss: 1.9499824
	speed: 0.2052s/iter; left time: 310.8226s
	iters: 300, epoch: 1 | loss: 1.6072277
	speed: 0.2060s/iter; left time: 291.5069s
	iters: 400, epoch: 1 | loss: 1.6090063
	speed: 0.2068s/iter; left time: 271.9195s
	iters: 500, epoch: 1 | loss: 1.3768204
	speed: 0.2071s/iter; left time: 251.6023s
	iters: 600, epoch: 1 | loss: 1.5514414
	speed: 0.2070s/iter; left time: 230.7748s
	iters: 700, epoch: 1 | loss: 1.7642114
	speed: 0.2073s/iter; left time: 210.3998s
	iters: 800, epoch: 1 | loss: 1.7379379
	speed: 0.2070s/iter; left time: 189.4053s
	iters: 900, epoch: 1 | loss: 1.6727709
	speed: 0.2072s/iter; left time: 168.8752s
	iters: 1000, epoch: 1 | loss: 1.2627511
	speed: 0.2077s/iter; left time: 148.4879s
	iters: 1100, epoch: 1 | loss: 1.6726325
	speed: 0.2079s/iter; left time: 127.8632s
	iters: 1200, epoch: 1 | loss: 1.3350190
	speed: 0.2079s/iter; left time: 107.0449s
	iters: 1300, epoch: 1 | loss: 1.3575113
	speed: 0.2076s/iter; left time: 86.1572s
	iters: 1400, epoch: 1 | loss: 1.3336704
	speed: 0.2060s/iter; left time: 64.8760s
	iters: 1500, epoch: 1 | loss: 1.5252218
	speed: 0.2052s/iter; left time: 44.1272s
	iters: 1600, epoch: 1 | loss: 1.3093511
	speed: 0.2047s/iter; left time: 23.5425s
	iters: 1700, epoch: 1 | loss: 1.2882740
	speed: 0.2043s/iter; left time: 3.0638s
Epoch: 1 cost time: 354.66291069984436
Epoch: 1, Steps: 1714 | Train Loss: 1.5084942 Vali Loss: 0.0011333 Test Loss: 0.1941262
Validation loss decreased (inf --> 0.001133).  Saving model ...
Updating learning rate to 0.0001
>>>>>>>testing : data_chiesa_di_san_fermo_PatchTST_custom_ftMS_sl96_ll48_pl96_dm16_nh4_el3_dl1_df128_fc1_ebtimeF_dtTrue_Exp_0<<<<<<<<<<<<<<<<<<<<<<<<<<<<<<<<<
test 62671
mse:0.19412611424922943, mae:0.21623611450195312, rse:0.9577789902687073
