Args in experiment:
Namespace(activation='gelu', affine=0, batch_size=128, c_out=7, checkpoints='./checkpoints/', d_ff=128, d_layers=1, d_model=16, data='custom', data_path='data_basilica_di_san_zeno.csv', dec_in=5, decomposition=0, des='Exp', devices='0,1,2,3', distil=True, do_predict=False, dropout=0.3, e_layers=3, embed='timeF', embed_type=0, enc_in=5, factor=1, fc_dropout=0.3, features='MS', freq='t', gpu=0, head_dropout=0.0, individual=0, is_training=1, itr=1, kernel_size=25, label_len=48, learning_rate=0.0001, loss='mse', lradj='type3', model='PatchTST', model_id='data_basilica_di_san_zeno', moving_avg=25, n_heads=4, num_workers=10, output_attention=False, padding_patch='end', patch_len=16, patience=100, pct_start=0.3, pred_len=96, random_seed=2025, revin=1, root_path='/home/dario/Università/Data_science/Secondo_anno-secondo_semestre/Stage/Code/../main_dataset/count_data', seq_len=96, stride=1, subtract_last=0, target='count', test_flop=False, train_epochs=1, use_amp=False, use_gpu=True, use_multi_gpu=False)
Use GPU: cuda:0
>>>>>>>start training : data_basilica_di_san_zeno_PatchTST_custom_ftMS_sl96_ll48_pl96_dm16_nh4_el3_dl1_df128_fc1_ebtimeF_dtTrue_Exp_0>>>>>>>>>>>>>>>>>>>>>>>>>>
train 219492
val 31289
test 62671
	iters: 100, epoch: 1 | loss: 1.8182609
	speed: 0.2101s/iter; left time: 339.3850s
	iters: 200, epoch: 1 | loss: 1.4997680
	speed: 0.2063s/iter; left time: 312.5961s
	iters: 300, epoch: 1 | loss: 1.6895261
	speed: 0.2060s/iter; left time: 291.5018s
	iters: 400, epoch: 1 | loss: 1.6184362
	speed: 0.2059s/iter; left time: 270.8050s
	iters: 500, epoch: 1 | loss: 1.4881147
	speed: 0.2057s/iter; left time: 249.9754s
	iters: 600, epoch: 1 | loss: 1.8755972
	speed: 0.2062s/iter; left time: 229.8680s
	iters: 700, epoch: 1 | loss: 1.5447202
	speed: 0.2069s/iter; left time: 209.9858s
	iters: 800, epoch: 1 | loss: 1.4925528
	speed: 0.2069s/iter; left time: 189.2934s
	iters: 900, epoch: 1 | loss: 1.5211549
	speed: 0.2064s/iter; left time: 168.1927s
	iters: 1000, epoch: 1 | loss: 1.4726191
	speed: 0.2066s/iter; left time: 147.7413s
	iters: 1100, epoch: 1 | loss: 1.3150816
	speed: 0.2070s/iter; left time: 127.2755s
	iters: 1200, epoch: 1 | loss: 1.5843296
	speed: 0.2070s/iter; left time: 106.6034s
	iters: 1300, epoch: 1 | loss: 1.2903981
	speed: 0.2068s/iter; left time: 85.8416s
	iters: 1400, epoch: 1 | loss: 1.6023750
	speed: 0.2069s/iter; left time: 65.1820s
	iters: 1500, epoch: 1 | loss: 1.0804958
	speed: 0.2070s/iter; left time: 44.5125s
	iters: 1600, epoch: 1 | loss: 1.4687161
	speed: 0.2069s/iter; left time: 23.7906s
	iters: 1700, epoch: 1 | loss: 1.3500609
	speed: 0.2073s/iter; left time: 3.1089s
Epoch: 1 cost time: 354.70248317718506
Epoch: 1, Steps: 1714 | Train Loss: 1.5678300 Vali Loss: 0.0008830 Test Loss: 0.1661996
Validation loss decreased (inf --> 0.000883).  Saving model ...
Updating learning rate to 0.0001
>>>>>>>testing : data_basilica_di_san_zeno_PatchTST_custom_ftMS_sl96_ll48_pl96_dm16_nh4_el3_dl1_df128_fc1_ebtimeF_dtTrue_Exp_0<<<<<<<<<<<<<<<<<<<<<<<<<<<<<<<<<
test 62671
mse:0.16619960963726044, mae:0.19541308283805847, rse:1.0058494806289673
