Args in experiment:
Namespace(activation='gelu', batch_size=64, c_out=1, checkpoints='./checkpoints/', d_ff=2048, d_layers=1, d_model=512, data='custom', data_path='data_chiesa_di_san_fermo.csv', dec_in=5, des='Exp', devices='0,1,2,3', distil=True, do_predict=False, dropout=0.05, e_layers=2, embed='timeF', embed_type=0, enc_in=5, factor=1, features='MS', freq='t', gpu=0, individual=False, is_training=1, itr=1, label_len=48, learning_rate=0.0001, loss='mse', lradj='type1', model='DLinear', model_id='data_chiesa_di_san_fermo', moving_avg=25, n_heads=8, num_workers=10, output_attention=False, patience=7, pred_len=96, root_path='/home/dario/Università/Data_science/Secondo_anno-secondo_semestre/Stage/Code/DLinear/../../main_dataset/count_data', seq_len=96, target='count', test_flop=False, train_epochs=1, use_amp=False, use_gpu=True, use_multi_gpu=False)
Use GPU: cuda:0
>>>>>>>start training : data_chiesa_di_san_fermo_DLinear_custom_ftMS_sl96_ll48_pl96_dm512_nh8_el2_dl1_df2048_fc1_ebtimeF_dtTrue_Exp_0>>>>>>>>>>>>>>>>>>>>>>>>>>
train 219490
val 31288
test 62671
	iters: 100, epoch: 1 | loss: 0.9061863
	speed: 0.0097s/iter; left time: 32.3459s
	iters: 200, epoch: 1 | loss: 0.8782429
	speed: 0.0049s/iter; left time: 15.8952s
	iters: 300, epoch: 1 | loss: 0.7594365
	speed: 0.0048s/iter; left time: 15.0018s
	iters: 400, epoch: 1 | loss: 1.2744172
	speed: 0.0051s/iter; left time: 15.3801s
	iters: 500, epoch: 1 | loss: 0.6846046
	speed: 0.0050s/iter; left time: 14.5919s
	iters: 600, epoch: 1 | loss: 0.8756336
	speed: 0.0053s/iter; left time: 15.0202s
	iters: 700, epoch: 1 | loss: 0.7380619
	speed: 0.0054s/iter; left time: 14.6171s
	iters: 800, epoch: 1 | loss: 0.8773506
	speed: 0.0050s/iter; left time: 13.0253s
	iters: 900, epoch: 1 | loss: 1.0829308
	speed: 0.0048s/iter; left time: 12.2284s
	iters: 1000, epoch: 1 | loss: 0.7281887
	speed: 0.0048s/iter; left time: 11.7523s
	iters: 1100, epoch: 1 | loss: 0.6554707
	speed: 0.0050s/iter; left time: 11.7137s
	iters: 1200, epoch: 1 | loss: 0.6833047
	speed: 0.0048s/iter; left time: 10.7216s
	iters: 1300, epoch: 1 | loss: 0.7236085
	speed: 0.0050s/iter; left time: 10.7509s
	iters: 1400, epoch: 1 | loss: 0.6750469
	speed: 0.0050s/iter; left time: 10.1105s
	iters: 1500, epoch: 1 | loss: 0.9975361
	speed: 0.0050s/iter; left time: 9.6244s
	iters: 1600, epoch: 1 | loss: 0.7635144
	speed: 0.0048s/iter; left time: 8.7376s
	iters: 1700, epoch: 1 | loss: 0.7058008
	speed: 0.0048s/iter; left time: 8.2898s
	iters: 1800, epoch: 1 | loss: 0.6438138
	speed: 0.0048s/iter; left time: 7.8853s
	iters: 1900, epoch: 1 | loss: 0.6512082
	speed: 0.0048s/iter; left time: 7.3082s
	iters: 2000, epoch: 1 | loss: 0.7101902
	speed: 0.0049s/iter; left time: 7.0395s
	iters: 2100, epoch: 1 | loss: 0.8859704
	speed: 0.0047s/iter; left time: 6.2211s
	iters: 2200, epoch: 1 | loss: 0.6749360
	speed: 0.0048s/iter; left time: 5.9646s
	iters: 2300, epoch: 1 | loss: 0.8237519
	speed: 0.0047s/iter; left time: 5.3564s
	iters: 2400, epoch: 1 | loss: 0.6914763
	speed: 0.0047s/iter; left time: 4.8149s
	iters: 2500, epoch: 1 | loss: 0.7038093
	speed: 0.0047s/iter; left time: 4.4136s
	iters: 2600, epoch: 1 | loss: 0.7050263
	speed: 0.0049s/iter; left time: 4.0399s
	iters: 2700, epoch: 1 | loss: 0.6927494
	speed: 0.0048s/iter; left time: 3.4846s
	iters: 2800, epoch: 1 | loss: 0.7888696
	speed: 0.0050s/iter; left time: 3.1432s
	iters: 2900, epoch: 1 | loss: 0.6645841
	speed: 0.0049s/iter; left time: 2.6146s
	iters: 3000, epoch: 1 | loss: 0.5527914
	speed: 0.0048s/iter; left time: 2.0731s
	iters: 3100, epoch: 1 | loss: 0.6596368
	speed: 0.0047s/iter; left time: 1.5623s
	iters: 3200, epoch: 1 | loss: 0.7922131
	speed: 0.0048s/iter; left time: 1.1037s
	iters: 3300, epoch: 1 | loss: 0.8040320
	speed: 0.0048s/iter; left time: 0.6205s
	iters: 3400, epoch: 1 | loss: 0.7048065
	speed: 0.0047s/iter; left time: 0.1422s
Epoch: 1 cost time: 17.323967933654785
Epoch: 1, Steps: 3429 | Train Loss: 0.7978271 Vali Loss: 0.0195332 Test Loss: 0.1722690
Validation loss decreased (inf --> 0.019533).  Saving model ...
Updating learning rate to 0.0001
>>>>>>>testing : data_chiesa_di_san_fermo_DLinear_custom_ftMS_sl96_ll48_pl96_dm512_nh8_el2_dl1_df2048_fc1_ebtimeF_dtTrue_Exp_0<<<<<<<<<<<<<<<<<<<<<<<<<<<<<<<<<
test 62671
mse:0.1722690910100937, mae:0.2333802878856659, rse:0.9025257229804993, corr:[0.3718468  0.3832313  0.38879332 0.39428085 0.4016608  0.412177
 0.41322708 0.4135375  0.41807476 0.41973358 0.42294085 0.42372668
 0.42438248 0.42596683 0.42580062 0.42809862 0.42535812 0.42547846
 0.42432818 0.42412788 0.42334235 0.42391604 0.42499024 0.42320088
 0.42520013 0.42423224 0.42600906 0.42565417 0.4262326  0.42565107
 0.42545515 0.42550883 0.42604303 0.42699844 0.4252547  0.42536592
 0.42699832 0.42575622 0.42522627 0.42353168 0.42537075 0.42517462
 0.42502257 0.42269313 0.42203662 0.42236254 0.42491817 0.4247649
 0.42347094 0.4236874  0.4233528  0.42526847 0.4255211  0.42438957
 0.42650965 0.42547202 0.42547095 0.4258209  0.42673105 0.42807335
 0.4288619  0.42535686 0.4268874  0.42592642 0.42824662 0.42759886
 0.42649093 0.42656535 0.4280726  0.42505127 0.42503372 0.42620865
 0.42567763 0.42337993 0.4263363  0.42728764 0.42623606 0.42809626
 0.42997906 0.4291623  0.43010658 0.42850712 0.4279685  0.4308921
 0.42902252 0.42813307 0.42975143 0.4325213  0.43072703 0.4340067
 0.4334186  0.4364109  0.44200546 0.44293597 0.44519657 0.44784275]
