Args in experiment:
Namespace(activation='gelu', batch_size=64, c_out=1, checkpoints='./checkpoints/', d_ff=2048, d_layers=1, d_model=512, data='custom', data_path='data_museo_di_storia_naturale.csv', dec_in=5, des='Exp', devices='0,1,2,3', distil=True, do_predict=False, dropout=0.05, e_layers=2, embed='timeF', embed_type=0, enc_in=5, factor=1, features='MS', freq='t', gpu=0, individual=False, is_training=1, itr=1, label_len=48, learning_rate=0.0001, loss='mse', lradj='type1', model='DLinear', model_id='data_museo_di_storia_naturale', moving_avg=25, n_heads=8, num_workers=10, output_attention=False, patience=7, pred_len=96, root_path='/home/dario/Università/Data_science/Secondo_anno-secondo_semestre/Stage/Code/DLinear/../../main_dataset/count_data', seq_len=96, target='count', test_flop=False, train_epochs=1, use_amp=False, use_gpu=True, use_multi_gpu=False)
Use GPU: cuda:0
>>>>>>>start training : data_museo_di_storia_naturale_DLinear_custom_ftMS_sl96_ll48_pl96_dm512_nh8_el2_dl1_df2048_fc1_ebtimeF_dtTrue_Exp_0>>>>>>>>>>>>>>>>>>>>>>>>>>
train 219426
val 31280
test 62652
	iters: 100, epoch: 1 | loss: 1.1965938
	speed: 0.0095s/iter; left time: 31.6059s
	iters: 200, epoch: 1 | loss: 1.1784328
	speed: 0.0048s/iter; left time: 15.6212s
	iters: 300, epoch: 1 | loss: 1.0518607
	speed: 0.0051s/iter; left time: 15.8107s
	iters: 400, epoch: 1 | loss: 0.7708377
	speed: 0.0048s/iter; left time: 14.6609s
	iters: 500, epoch: 1 | loss: 0.7088694
	speed: 0.0051s/iter; left time: 14.9977s
	iters: 600, epoch: 1 | loss: 0.7793454
	speed: 0.0064s/iter; left time: 18.1359s
	iters: 700, epoch: 1 | loss: 0.9412920
	speed: 0.0061s/iter; left time: 16.6582s
	iters: 800, epoch: 1 | loss: 0.7619161
	speed: 0.0064s/iter; left time: 16.8358s
	iters: 900, epoch: 1 | loss: 1.1478429
	speed: 0.0089s/iter; left time: 22.5934s
	iters: 1000, epoch: 1 | loss: 0.8582444
	speed: 0.0107s/iter; left time: 26.0692s
	iters: 1100, epoch: 1 | loss: 0.8010222
	speed: 0.0294s/iter; left time: 68.5229s
	iters: 1200, epoch: 1 | loss: 0.9692554
	speed: 0.0231s/iter; left time: 51.5053s
	iters: 1300, epoch: 1 | loss: 0.8791410
	speed: 0.0343s/iter; left time: 73.0970s
	iters: 1400, epoch: 1 | loss: 0.9350638
	speed: 0.0100s/iter; left time: 20.2768s
	iters: 1500, epoch: 1 | loss: 1.0208361
	speed: 0.0076s/iter; left time: 14.6296s
	iters: 1600, epoch: 1 | loss: 0.9520339
	speed: 0.0084s/iter; left time: 15.3347s
	iters: 1700, epoch: 1 | loss: 0.6552963
	speed: 0.0085s/iter; left time: 14.6958s
	iters: 1800, epoch: 1 | loss: 0.6244528
	speed: 0.0089s/iter; left time: 14.4998s
	iters: 1900, epoch: 1 | loss: 0.6702285
	speed: 0.0125s/iter; left time: 19.0721s
	iters: 2000, epoch: 1 | loss: 1.0399766
	speed: 0.0080s/iter; left time: 11.4394s
	iters: 2100, epoch: 1 | loss: 1.3121970
	speed: 0.0084s/iter; left time: 11.2092s
	iters: 2200, epoch: 1 | loss: 0.7632205
	speed: 0.0154s/iter; left time: 18.8884s
	iters: 2300, epoch: 1 | loss: 0.9182102
	speed: 0.0187s/iter; left time: 21.0653s
	iters: 2400, epoch: 1 | loss: 0.7960265
	speed: 0.0089s/iter; left time: 9.1734s
	iters: 2500, epoch: 1 | loss: 1.1051358
	speed: 0.0102s/iter; left time: 9.5039s
	iters: 2600, epoch: 1 | loss: 0.7444927
	speed: 0.0095s/iter; left time: 7.9101s
	iters: 2700, epoch: 1 | loss: 1.0585997
	speed: 0.0074s/iter; left time: 5.4198s
	iters: 2800, epoch: 1 | loss: 1.0071863
	speed: 0.0072s/iter; left time: 4.5313s
	iters: 2900, epoch: 1 | loss: 0.8491825
	speed: 0.0125s/iter; left time: 6.5932s
	iters: 3000, epoch: 1 | loss: 0.9900892
	speed: 0.0122s/iter; left time: 5.2332s
	iters: 3100, epoch: 1 | loss: 0.8022571
	speed: 0.0074s/iter; left time: 2.4354s
	iters: 3200, epoch: 1 | loss: 0.9941832
	speed: 0.0076s/iter; left time: 1.7376s
	iters: 3300, epoch: 1 | loss: 1.0698102
	speed: 0.0077s/iter; left time: 0.9983s
	iters: 3400, epoch: 1 | loss: 0.9501948
	speed: 0.0066s/iter; left time: 0.1910s
Epoch: 1 cost time: 36.222368240356445
Epoch: 1, Steps: 3428 | Train Loss: 0.9662649 Vali Loss: 0.0248230 Test Loss: 0.4272707
Validation loss decreased (inf --> 0.024823).  Saving model ...
Updating learning rate to 0.0001
>>>>>>>testing : data_museo_di_storia_naturale_DLinear_custom_ftMS_sl96_ll48_pl96_dm512_nh8_el2_dl1_df2048_fc1_ebtimeF_dtTrue_Exp_0<<<<<<<<<<<<<<<<<<<<<<<<<<<<<<<<<
test 62652
mse:0.4272705912590027, mae:0.24069276452064514, rse:0.9647073745727539, corr:[0.23953338 0.26434985 0.27130714 0.26638186 0.26785123 0.27160698
 0.2751807  0.2700343  0.2687753  0.27047986 0.26722655 0.27002606
 0.26572102 0.2654706  0.26500297 0.26552078 0.26427707 0.26431397
 0.2661263  0.2646518  0.26537102 0.26450554 0.26658577 0.26649293
 0.26506805 0.26272154 0.26659977 0.26478258 0.26447284 0.26166147
 0.26583874 0.26627678 0.26765382 0.2669492  0.26366183 0.2645094
 0.26754686 0.26733887 0.2656449  0.2648572  0.26585007 0.26508394
 0.26197234 0.26753744 0.26750943 0.2660965  0.26707178 0.26881567
 0.26720366 0.26494673 0.26481342 0.26258305 0.2653075  0.26540747
 0.26254064 0.26478025 0.26292798 0.26334706 0.26294392 0.2662377
 0.26264858 0.26168108 0.26316923 0.2668564  0.26470202 0.26347256
 0.26708558 0.2659378  0.26231453 0.2628919  0.26598266 0.26681843
 0.26669583 0.26584357 0.26643753 0.26416305 0.26514655 0.26502055
 0.26365674 0.26475906 0.2648373  0.2705521  0.26569203 0.2669467
 0.26426628 0.26358774 0.2644123  0.25997248 0.26129827 0.2647758
 0.2639944  0.2688289  0.27569005 0.2723356  0.27318245 0.27548316]
