Args in experiment:
Namespace(activation='gelu', batch_size=64, c_out=1, checkpoints='./checkpoints/', d_ff=2048, d_layers=1, d_model=512, data='custom', data_path='data_anfiteatro_arena.csv', dec_in=5, des='Exp', devices='0,1,2,3', distil=True, do_predict=False, dropout=0.05, e_layers=2, embed='timeF', embed_type=0, enc_in=5, factor=1, features='MS', freq='t', gpu=0, individual=False, is_training=1, itr=1, label_len=48, learning_rate=0.0001, loss='mse', lradj='type1', model='DLinear', model_id='data_anfiteatro_arena', moving_avg=25, n_heads=8, num_workers=10, output_attention=False, patience=7, pred_len=96, root_path='/home/dario/Università/Data_science/Secondo_anno-secondo_semestre/Stage/Code/DLinear/../../main_dataset/count_data', seq_len=96, target='count', test_flop=False, train_epochs=30, use_amp=False, use_gpu=True, use_multi_gpu=False)
Use GPU: cuda:0
>>>>>>>start training : data_anfiteatro_arena_DLinear_custom_ftMS_sl96_ll48_pl96_dm512_nh8_el2_dl1_df2048_fc1_ebtimeF_dtTrue_Exp_0>>>>>>>>>>>>>>>>>>>>>>>>>>
train 167550
val 23869
test 47831
	iters: 100, epoch: 1 | loss: 0.5705326
	speed: 0.0108s/iter; left time: 844.0431s
	iters: 200, epoch: 1 | loss: 0.7028385
	speed: 0.0041s/iter; left time: 322.1353s
	iters: 300, epoch: 1 | loss: 0.5342478
	speed: 0.0038s/iter; left time: 295.7980s
	iters: 400, epoch: 1 | loss: 0.6532865
	speed: 0.0042s/iter; left time: 324.9132s
	iters: 500, epoch: 1 | loss: 0.6360649
	speed: 0.0043s/iter; left time: 337.1332s
	iters: 600, epoch: 1 | loss: 0.6732830
	speed: 0.0040s/iter; left time: 311.4238s
	iters: 700, epoch: 1 | loss: 0.7831923
	speed: 0.0038s/iter; left time: 295.6917s
	iters: 800, epoch: 1 | loss: 0.5433957
	speed: 0.0040s/iter; left time: 310.0943s
	iters: 900, epoch: 1 | loss: 0.4890278
	speed: 0.0039s/iter; left time: 300.3924s
	iters: 1000, epoch: 1 | loss: 0.7425292
	speed: 0.0039s/iter; left time: 304.5357s
	iters: 1100, epoch: 1 | loss: 0.4924342
	speed: 0.0040s/iter; left time: 312.6977s
	iters: 1200, epoch: 1 | loss: 0.6186904
	speed: 0.0038s/iter; left time: 293.5054s
	iters: 1300, epoch: 1 | loss: 0.4730026
	speed: 0.0040s/iter; left time: 307.1043s
	iters: 1400, epoch: 1 | loss: 0.5727801
	speed: 0.0041s/iter; left time: 315.8823s
	iters: 1500, epoch: 1 | loss: 0.7506706
	speed: 0.0039s/iter; left time: 297.2516s
	iters: 1600, epoch: 1 | loss: 0.5246627
	speed: 0.0040s/iter; left time: 307.4992s
	iters: 1700, epoch: 1 | loss: 0.5049468
	speed: 0.0040s/iter; left time: 303.4197s
	iters: 1800, epoch: 1 | loss: 0.5784611
	speed: 0.0039s/iter; left time: 300.1729s
	iters: 1900, epoch: 1 | loss: 0.5353398
	speed: 0.0038s/iter; left time: 291.2969s
	iters: 2000, epoch: 1 | loss: 0.5781769
	speed: 0.0037s/iter; left time: 281.3442s
	iters: 2100, epoch: 1 | loss: 0.6233997
	speed: 0.0038s/iter; left time: 293.2804s
	iters: 2200, epoch: 1 | loss: 0.5481571
	speed: 0.0039s/iter; left time: 299.0023s
	iters: 2300, epoch: 1 | loss: 0.5036771
	speed: 0.0036s/iter; left time: 276.6813s
	iters: 2400, epoch: 1 | loss: 0.6566613
	speed: 0.0038s/iter; left time: 286.6232s
	iters: 2500, epoch: 1 | loss: 0.5294532
	speed: 0.0039s/iter; left time: 294.7114s
	iters: 2600, epoch: 1 | loss: 0.4600668
	speed: 0.0039s/iter; left time: 293.9068s
Epoch: 1 cost time: 11.031981706619263
