Args in experiment:
Namespace(activation='gelu', batch_size=64, c_out=1, checkpoints='./checkpoints/', d_ff=2048, d_layers=1, d_model=512, data='custom', data_path='data_torre_dei_lamberti.csv', dec_in=5, des='Exp', devices='0,1,2,3', distil=True, do_predict=False, dropout=0.05, e_layers=2, embed='timeF', embed_type=0, enc_in=5, factor=1, features='MS', freq='t', gpu=0, individual=False, is_training=1, itr=1, label_len=48, learning_rate=0.0001, loss='mse', lradj='type1', model='DLinear', model_id='data_torre_dei_lamberti', moving_avg=25, n_heads=8, num_workers=10, output_attention=False, patience=7, pred_len=96, root_path='/home/dario/Università/Data_science/Secondo_anno-secondo_semestre/Stage/Code/DLinear/../../main_dataset/count_data', seq_len=96, target='count', test_flop=False, train_epochs=1, use_amp=False, use_gpu=True, use_multi_gpu=False)
Use GPU: cuda:0
>>>>>>>start training : data_torre_dei_lamberti_DLinear_custom_ftMS_sl96_ll48_pl96_dm512_nh8_el2_dl1_df2048_fc1_ebtimeF_dtTrue_Exp_0>>>>>>>>>>>>>>>>>>>>>>>>>>
train 219431
val 31281
test 62654
	iters: 100, epoch: 1 | loss: 0.6957215
	speed: 0.0102s/iter; left time: 33.8304s
	iters: 200, epoch: 1 | loss: 0.6815228
	speed: 0.0047s/iter; left time: 15.1371s
	iters: 300, epoch: 1 | loss: 0.7859286
	speed: 0.0048s/iter; left time: 15.0368s
	iters: 400, epoch: 1 | loss: 0.7610536
	speed: 0.0047s/iter; left time: 14.3695s
	iters: 500, epoch: 1 | loss: 0.5750253
	speed: 0.0047s/iter; left time: 13.8835s
	iters: 600, epoch: 1 | loss: 0.6605329
	speed: 0.0048s/iter; left time: 13.6922s
	iters: 700, epoch: 1 | loss: 0.4953261
	speed: 0.0051s/iter; left time: 14.0249s
	iters: 800, epoch: 1 | loss: 0.6364275
	speed: 0.0049s/iter; left time: 12.8748s
	iters: 900, epoch: 1 | loss: 0.6740274
	speed: 0.0050s/iter; left time: 12.5793s
	iters: 1000, epoch: 1 | loss: 0.7698377
	speed: 0.0048s/iter; left time: 11.7132s
	iters: 1100, epoch: 1 | loss: 0.5994276
	speed: 0.0051s/iter; left time: 11.8019s
	iters: 1200, epoch: 1 | loss: 0.5570341
	speed: 0.0049s/iter; left time: 10.8450s
	iters: 1300, epoch: 1 | loss: 0.6098720
	speed: 0.0051s/iter; left time: 10.8792s
	iters: 1400, epoch: 1 | loss: 0.8509941
	speed: 0.0056s/iter; left time: 11.2726s
	iters: 1500, epoch: 1 | loss: 0.5445933
	speed: 0.0048s/iter; left time: 9.3078s
	iters: 1600, epoch: 1 | loss: 0.4759570
	speed: 0.0049s/iter; left time: 8.9810s
	iters: 1700, epoch: 1 | loss: 0.6417537
	speed: 0.0049s/iter; left time: 8.5211s
	iters: 1800, epoch: 1 | loss: 0.8196524
	speed: 0.0050s/iter; left time: 8.0988s
	iters: 1900, epoch: 1 | loss: 0.4681922
	speed: 0.0048s/iter; left time: 7.2643s
	iters: 2000, epoch: 1 | loss: 0.5836310
	speed: 0.0050s/iter; left time: 7.1052s
	iters: 2100, epoch: 1 | loss: 0.5081398
	speed: 0.0065s/iter; left time: 8.6413s
	iters: 2200, epoch: 1 | loss: 0.4957947
	speed: 0.0048s/iter; left time: 5.8963s
	iters: 2300, epoch: 1 | loss: 0.5556184
	speed: 0.0048s/iter; left time: 5.3746s
	iters: 2400, epoch: 1 | loss: 0.5666547
	speed: 0.0050s/iter; left time: 5.1211s
	iters: 2500, epoch: 1 | loss: 0.5199954
	speed: 0.0050s/iter; left time: 4.6294s
	iters: 2600, epoch: 1 | loss: 0.5921675
	speed: 0.0054s/iter; left time: 4.5156s
	iters: 2700, epoch: 1 | loss: 0.5208120
	speed: 0.0053s/iter; left time: 3.8481s
	iters: 2800, epoch: 1 | loss: 0.6427457
	speed: 0.0050s/iter; left time: 3.1309s
	iters: 2900, epoch: 1 | loss: 0.5168103
	speed: 0.0047s/iter; left time: 2.4732s
	iters: 3000, epoch: 1 | loss: 0.6064279
	speed: 0.0049s/iter; left time: 2.1049s
	iters: 3100, epoch: 1 | loss: 0.5846730
	speed: 0.0047s/iter; left time: 1.5482s
	iters: 3200, epoch: 1 | loss: 0.4604855
	speed: 0.0050s/iter; left time: 1.1368s
	iters: 3300, epoch: 1 | loss: 0.4566713
	speed: 0.0050s/iter; left time: 0.6426s
	iters: 3400, epoch: 1 | loss: 0.6208776
	speed: 0.0049s/iter; left time: 0.1430s
Epoch: 1 cost time: 17.72657060623169
Epoch: 1, Steps: 3428 | Train Loss: 0.5970275 Vali Loss: 0.0281160 Test Loss: 0.1189666
Validation loss decreased (inf --> 0.028116).  Saving model ...
Updating learning rate to 0.0001
>>>>>>>testing : data_torre_dei_lamberti_DLinear_custom_ftMS_sl96_ll48_pl96_dm512_nh8_el2_dl1_df2048_fc1_ebtimeF_dtTrue_Exp_0<<<<<<<<<<<<<<<<<<<<<<<<<<<<<<<<<
test 62654
mse:0.11896660923957825, mae:0.22031806409358978, rse:0.7662554979324341, corr:[0.6111994  0.60800856 0.6121539  0.60904413 0.6083887  0.60675687
 0.6041015  0.6004918  0.6021043  0.60386527 0.6055371  0.60505474
 0.60903287 0.60919327 0.61076885 0.61049885 0.61236703 0.6130979
 0.6127596  0.6125449  0.6111285  0.609389   0.6109778  0.611916
 0.60958517 0.6101897  0.61241406 0.61310613 0.61229014 0.61372155
 0.6128372  0.6114005  0.6117667  0.61102587 0.61212784 0.6104757
 0.61174196 0.60951185 0.61065567 0.6099762  0.61134094 0.6109183
 0.6096989  0.609233   0.610272   0.6076705  0.60857487 0.60917974
 0.609281   0.6097722  0.6082791  0.60920507 0.60876346 0.60898983
 0.60939777 0.6089791  0.6086449  0.6090252  0.610168   0.60934246
 0.6101578  0.61093277 0.60870934 0.6085946  0.60976994 0.6097724
 0.60970306 0.6102543  0.6102656  0.6090165  0.60810935 0.6067075
 0.6073431  0.60680705 0.6060419  0.6081148  0.60669106 0.60740304
 0.608002   0.60946786 0.6082082  0.6081469  0.60845155 0.60674924
 0.6080753  0.60635173 0.60923994 0.60994637 0.6089586  0.61139023
 0.6107954  0.6141135  0.61528957 0.61567247 0.62094945 0.6249723 ]
