Args in experiment:
Namespace(activation='gelu', batch_size=64, c_out=1, checkpoints='./checkpoints/', d_ff=2048, d_layers=1, d_model=512, data='custom', data_path='data_museo_lapidario_maffeiano.csv', dec_in=5, des='Exp', devices='0,1,2,3', distil=True, do_predict=False, dropout=0.05, e_layers=2, embed='timeF', embed_type=0, enc_in=5, factor=1, features='MS', freq='t', gpu=0, individual=False, is_training=1, itr=1, label_len=48, learning_rate=0.0001, loss='mse', lradj='type1', model='DLinear', model_id='data_museo_lapidario_maffeiano', moving_avg=25, n_heads=8, num_workers=10, output_attention=False, patience=7, pred_len=96, root_path='/home/dario/Università/Data_science/Secondo_anno-secondo_semestre/Stage/Code/DLinear/../../main_dataset/count_data', seq_len=96, target='count', test_flop=False, train_epochs=1, use_amp=False, use_gpu=True, use_multi_gpu=False)
Use GPU: cuda:0
>>>>>>>start training : data_museo_lapidario_maffeiano_DLinear_custom_ftMS_sl96_ll48_pl96_dm512_nh8_el2_dl1_df2048_fc1_ebtimeF_dtTrue_Exp_0>>>>>>>>>>>>>>>>>>>>>>>>>>
train 219433
val 31281
test 62654
	iters: 100, epoch: 1 | loss: 0.9968057
	speed: 0.0098s/iter; left time: 32.5217s
	iters: 200, epoch: 1 | loss: 1.5499490
	speed: 0.0052s/iter; left time: 16.7879s
	iters: 300, epoch: 1 | loss: 1.0595182
	speed: 0.0048s/iter; left time: 14.8911s
	iters: 400, epoch: 1 | loss: 0.7032970
	speed: 0.0053s/iter; left time: 16.1743s
	iters: 500, epoch: 1 | loss: 0.8840908
	speed: 0.0053s/iter; left time: 15.4419s
	iters: 600, epoch: 1 | loss: 0.7657588
	speed: 0.0045s/iter; left time: 12.8286s
	iters: 700, epoch: 1 | loss: 0.6870729
	speed: 0.0052s/iter; left time: 14.3134s
	iters: 800, epoch: 1 | loss: 0.5937666
	speed: 0.0056s/iter; left time: 14.7419s
	iters: 900, epoch: 1 | loss: 0.8161882
	speed: 0.0061s/iter; left time: 15.4634s
	iters: 1000, epoch: 1 | loss: 1.5948800
	speed: 0.0053s/iter; left time: 12.8213s
	iters: 1100, epoch: 1 | loss: 0.9089212
	speed: 0.0050s/iter; left time: 11.5805s
	iters: 1200, epoch: 1 | loss: 0.6397651
	speed: 0.0058s/iter; left time: 12.8393s
	iters: 1300, epoch: 1 | loss: 0.6290870
	speed: 0.0060s/iter; left time: 12.7694s
	iters: 1400, epoch: 1 | loss: 0.5955274
	speed: 0.0056s/iter; left time: 11.2926s
	iters: 1500, epoch: 1 | loss: 0.7119192
	speed: 0.0050s/iter; left time: 9.6093s
	iters: 1600, epoch: 1 | loss: 0.7506112
	speed: 0.0050s/iter; left time: 9.1435s
	iters: 1700, epoch: 1 | loss: 0.6728806
	speed: 0.0050s/iter; left time: 8.6692s
	iters: 1800, epoch: 1 | loss: 0.7202685
	speed: 0.0055s/iter; left time: 8.9420s
	iters: 1900, epoch: 1 | loss: 1.6788690
	speed: 0.0046s/iter; left time: 7.0857s
	iters: 2000, epoch: 1 | loss: 0.8530111
	speed: 0.0061s/iter; left time: 8.7050s
	iters: 2100, epoch: 1 | loss: 0.7841054
	speed: 0.0049s/iter; left time: 6.5295s
	iters: 2200, epoch: 1 | loss: 1.1507537
	speed: 0.0048s/iter; left time: 5.8964s
	iters: 2300, epoch: 1 | loss: 0.7210011
	speed: 0.0046s/iter; left time: 5.1751s
	iters: 2400, epoch: 1 | loss: 0.9977128
	speed: 0.0047s/iter; left time: 4.8355s
	iters: 2500, epoch: 1 | loss: 1.5829656
	speed: 0.0048s/iter; left time: 4.4639s
	iters: 2600, epoch: 1 | loss: 0.5917479
	speed: 0.0049s/iter; left time: 4.0389s
	iters: 2700, epoch: 1 | loss: 0.6215475
	speed: 0.0047s/iter; left time: 3.4263s
	iters: 2800, epoch: 1 | loss: 0.9636434
	speed: 0.0049s/iter; left time: 3.0989s
	iters: 2900, epoch: 1 | loss: 0.6765684
	speed: 0.0049s/iter; left time: 2.5861s
	iters: 3000, epoch: 1 | loss: 0.9683721
	speed: 0.0048s/iter; left time: 2.0421s
	iters: 3100, epoch: 1 | loss: 1.0240366
	speed: 0.0050s/iter; left time: 1.6414s
	iters: 3200, epoch: 1 | loss: 0.9196457
	speed: 0.0055s/iter; left time: 1.2498s
	iters: 3300, epoch: 1 | loss: 0.5987606
	speed: 0.0050s/iter; left time: 0.6505s
	iters: 3400, epoch: 1 | loss: 0.7585682
	speed: 0.0058s/iter; left time: 0.1681s
Epoch: 1 cost time: 18.277005672454834
Epoch: 1, Steps: 3428 | Train Loss: 0.8561603 Vali Loss: 0.0191755 Test Loss: 0.0855934
Validation loss decreased (inf --> 0.019176).  Saving model ...
Updating learning rate to 0.0001
>>>>>>>testing : data_museo_lapidario_maffeiano_DLinear_custom_ftMS_sl96_ll48_pl96_dm512_nh8_el2_dl1_df2048_fc1_ebtimeF_dtTrue_Exp_0<<<<<<<<<<<<<<<<<<<<<<<<<<<<<<<<<
test 62654
mse:0.08559338003396988, mae:0.17083017528057098, rse:1.0166499614715576, corr:[0.23821585 0.23200056 0.23011264 0.2218532  0.21898882 0.22303297
 0.22610651 0.21875118 0.21773578 0.21851367 0.21842298 0.21549113
 0.2144313  0.21318024 0.21176451 0.21293034 0.21309386 0.21395999
 0.21441299 0.21461685 0.21220888 0.21438076 0.21557598 0.21368314
 0.21458356 0.21361735 0.21417242 0.21409617 0.21239805 0.21450727
 0.21380612 0.21222708 0.21190965 0.2135679  0.21392927 0.21313848
 0.21421272 0.212972   0.2124146  0.21173996 0.21236768 0.21250713
 0.2122247  0.21350272 0.2133841  0.21312083 0.21359777 0.21613574
 0.21339148 0.21454652 0.21508534 0.21569031 0.21508946 0.21387935
 0.21415822 0.21355319 0.21494204 0.21338099 0.21334656 0.2143476
 0.21592109 0.21247558 0.21442413 0.21421777 0.21476033 0.2143582
 0.21283701 0.2147274  0.21259901 0.2138882  0.21369208 0.21305774
 0.21291937 0.21195728 0.21394229 0.21222702 0.21163437 0.21369354
 0.2107225  0.21336429 0.21237136 0.21089481 0.21420309 0.20960163
 0.2082278  0.21014561 0.20949432 0.2110918  0.21061847 0.21295889
 0.21205208 0.21732701 0.21599717 0.21789874 0.22061479 0.2209329 ]
