Args in experiment:
Namespace(activation='gelu', batch_size=64, c_out=1, checkpoints='./checkpoints/', d_ff=2048, d_layers=1, d_model=512, data='custom', data_path='data_giardino_giusti.csv', dec_in=5, des='Exp', devices='0,1,2,3', distil=True, do_predict=False, dropout=0.05, e_layers=2, embed='timeF', embed_type=0, enc_in=5, factor=1, features='MS', freq='t', gpu=0, individual=False, is_training=1, itr=1, label_len=48, learning_rate=0.0001, loss='mse', lradj='type1', model='DLinear', model_id='data_giardino_giusti', moving_avg=25, n_heads=8, num_workers=10, output_attention=False, patience=7, pred_len=96, root_path='/home/dario/Università/Data_science/Secondo_anno-secondo_semestre/Stage/Code/DLinear/../../main_dataset/count_data', seq_len=96, target='count', test_flop=False, train_epochs=1, use_amp=False, use_gpu=True, use_multi_gpu=False)
Use GPU: cuda:0
>>>>>>>start training : data_giardino_giusti_DLinear_custom_ftMS_sl96_ll48_pl96_dm512_nh8_el2_dl1_df2048_fc1_ebtimeF_dtTrue_Exp_0>>>>>>>>>>>>>>>>>>>>>>>>>>
train 205511
val 29291
test 58677
	iters: 100, epoch: 1 | loss: 0.9793202
	speed: 0.0099s/iter; left time: 30.8308s
	iters: 200, epoch: 1 | loss: 0.9840086
	speed: 0.0052s/iter; left time: 15.6930s
	iters: 300, epoch: 1 | loss: 0.8849909
	speed: 0.0053s/iter; left time: 15.5682s
	iters: 400, epoch: 1 | loss: 0.8002240
	speed: 0.0048s/iter; left time: 13.4323s
	iters: 500, epoch: 1 | loss: 0.8495272
	speed: 0.0050s/iter; left time: 13.5561s
	iters: 600, epoch: 1 | loss: 1.0241880
	speed: 0.0051s/iter; left time: 13.2387s
	iters: 700, epoch: 1 | loss: 0.9495704
	speed: 0.0050s/iter; left time: 12.4405s
	iters: 800, epoch: 1 | loss: 0.7428753
	speed: 0.0049s/iter; left time: 11.7540s
	iters: 900, epoch: 1 | loss: 0.8594949
	speed: 0.0051s/iter; left time: 11.8997s
	iters: 1000, epoch: 1 | loss: 0.9625241
	speed: 0.0050s/iter; left time: 11.1246s
	iters: 1100, epoch: 1 | loss: 0.7409510
	speed: 0.0048s/iter; left time: 10.1866s
	iters: 1200, epoch: 1 | loss: 0.8357906
	speed: 0.0051s/iter; left time: 10.2146s
	iters: 1300, epoch: 1 | loss: 0.8040592
	speed: 0.0051s/iter; left time: 9.8319s
	iters: 1400, epoch: 1 | loss: 0.7929296
	speed: 0.0056s/iter; left time: 10.2154s
	iters: 1500, epoch: 1 | loss: 0.7342685
	speed: 0.0053s/iter; left time: 9.1244s
	iters: 1600, epoch: 1 | loss: 1.0313594
	speed: 0.0054s/iter; left time: 8.6361s
	iters: 1700, epoch: 1 | loss: 1.0457139
	speed: 0.0055s/iter; left time: 8.3012s
	iters: 1800, epoch: 1 | loss: 0.9610056
	speed: 0.0052s/iter; left time: 7.2878s
	iters: 1900, epoch: 1 | loss: 1.0284121
	speed: 0.0048s/iter; left time: 6.3262s
	iters: 2000, epoch: 1 | loss: 0.9253885
	speed: 0.0047s/iter; left time: 5.7221s
	iters: 2100, epoch: 1 | loss: 0.7569063
	speed: 0.0048s/iter; left time: 5.3078s
	iters: 2200, epoch: 1 | loss: 0.8907065
	speed: 0.0047s/iter; left time: 4.7984s
	iters: 2300, epoch: 1 | loss: 0.8762185
	speed: 0.0048s/iter; left time: 4.3920s
	iters: 2400, epoch: 1 | loss: 0.6755102
	speed: 0.0048s/iter; left time: 3.9150s
	iters: 2500, epoch: 1 | loss: 0.8388641
	speed: 0.0047s/iter; left time: 3.3646s
	iters: 2600, epoch: 1 | loss: 0.8628270
	speed: 0.0048s/iter; left time: 2.9377s
	iters: 2700, epoch: 1 | loss: 0.8386332
	speed: 0.0049s/iter; left time: 2.5045s
	iters: 2800, epoch: 1 | loss: 0.7369027
	speed: 0.0048s/iter; left time: 1.9832s
	iters: 2900, epoch: 1 | loss: 0.7558648
	speed: 0.0050s/iter; left time: 1.5500s
	iters: 3000, epoch: 1 | loss: 0.8356971
	speed: 0.0051s/iter; left time: 1.0827s
	iters: 3100, epoch: 1 | loss: 0.8487334
	speed: 0.0049s/iter; left time: 0.5530s
	iters: 3200, epoch: 1 | loss: 0.7243371
	speed: 0.0051s/iter; left time: 0.0610s
Epoch: 1 cost time: 16.69234585762024
Epoch: 1, Steps: 3211 | Train Loss: 0.9093100 Vali Loss: 0.1959929 Test Loss: 0.0386408
Validation loss decreased (inf --> 0.195993).  Saving model ...
Updating learning rate to 0.0001
>>>>>>>testing : data_giardino_giusti_DLinear_custom_ftMS_sl96_ll48_pl96_dm512_nh8_el2_dl1_df2048_fc1_ebtimeF_dtTrue_Exp_0<<<<<<<<<<<<<<<<<<<<<<<<<<<<<<<<<
test 58677
mse:0.03864084184169769, mae:0.12593907117843628, rse:1.139803409576416, corr:[0.14594446 0.1540438  0.154553   0.15287228 0.1556176  0.15603213
 0.15539894 0.15044585 0.14728552 0.14618468 0.14888467 0.14689319
 0.14547446 0.14479265 0.14232038 0.14084814 0.14451583 0.14647481
 0.14610676 0.14505449 0.14386193 0.14417998 0.14542949 0.14512609
 0.14485192 0.14559129 0.1453582  0.14453697 0.14410125 0.14453118
 0.14438878 0.14422481 0.14478752 0.14536472 0.14382668 0.14437181
 0.14441162 0.1448089  0.14359978 0.14391747 0.1437153  0.14545004
 0.14425363 0.14475879 0.14415383 0.144905   0.14420001 0.14461286
 0.14438008 0.14418945 0.14477248 0.14510313 0.1443508  0.1440241
 0.14412627 0.14478666 0.14416912 0.1446855  0.14383626 0.14464732
 0.14465117 0.1447911  0.14415778 0.14398088 0.14459525 0.1444819
 0.14488472 0.14299409 0.14406806 0.14397699 0.14330284 0.14299934
 0.14324112 0.14268595 0.14363353 0.14327472 0.1431507  0.14360651
 0.14242436 0.1428561  0.14310856 0.14286344 0.14261745 0.1408408
 0.1418393  0.14274926 0.14048043 0.14220023 0.14116147 0.14209862
 0.14044982 0.13938737 0.13926616 0.14040227 0.13856265 0.13962077]
