Args in experiment:
Namespace(activation='gelu', batch_size=64, c_out=1, checkpoints='./checkpoints/', d_ff=2048, d_layers=1, d_model=512, data='custom', data_path='data_complesso_del_duomo.csv', dec_in=5, des='Exp', devices='0,1,2,3', distil=True, do_predict=False, dropout=0.05, e_layers=2, embed='timeF', embed_type=0, enc_in=5, factor=1, features='MS', freq='t', gpu=0, individual=False, is_training=1, itr=1, label_len=48, learning_rate=0.0001, loss='mse', lradj='type1', model='DLinear', model_id='data_complesso_del_duomo', moving_avg=25, n_heads=8, num_workers=10, output_attention=False, patience=7, pred_len=96, root_path='/home/dario/Università/Data_science/Secondo_anno-secondo_semestre/Stage/Code/DLinear/../../main_dataset/count_data', seq_len=96, target='count', test_flop=False, train_epochs=1, use_amp=False, use_gpu=True, use_multi_gpu=False)
Use GPU: cuda:0
>>>>>>>start training : data_complesso_del_duomo_DLinear_custom_ftMS_sl96_ll48_pl96_dm512_nh8_el2_dl1_df2048_fc1_ebtimeF_dtTrue_Exp_0>>>>>>>>>>>>>>>>>>>>>>>>>>
train 219487
val 31288
test 62670
	iters: 100, epoch: 1 | loss: 1.0209382
	speed: 0.0091s/iter; left time: 30.4419s
	iters: 200, epoch: 1 | loss: 0.8914162
	speed: 0.0049s/iter; left time: 15.7253s
	iters: 300, epoch: 1 | loss: 0.5851833
	speed: 0.0048s/iter; left time: 15.1294s
	iters: 400, epoch: 1 | loss: 0.6585357
	speed: 0.0048s/iter; left time: 14.5122s
	iters: 500, epoch: 1 | loss: 0.5923874
	speed: 0.0048s/iter; left time: 13.9550s
	iters: 600, epoch: 1 | loss: 0.4650710
	speed: 0.0046s/iter; left time: 13.0436s
	iters: 700, epoch: 1 | loss: 0.5726183
	speed: 0.0046s/iter; left time: 12.5620s
	iters: 800, epoch: 1 | loss: 0.5890718
	speed: 0.0046s/iter; left time: 12.1842s
	iters: 900, epoch: 1 | loss: 0.7493817
	speed: 0.0047s/iter; left time: 11.7672s
	iters: 1000, epoch: 1 | loss: 0.6568459
	speed: 0.0051s/iter; left time: 12.4512s
	iters: 1100, epoch: 1 | loss: 0.6135888
	speed: 0.0055s/iter; left time: 12.8789s
	iters: 1200, epoch: 1 | loss: 0.5792733
	speed: 0.0050s/iter; left time: 11.1394s
	iters: 1300, epoch: 1 | loss: 0.7324230
	speed: 0.0048s/iter; left time: 10.2530s
	iters: 1400, epoch: 1 | loss: 0.5473392
	speed: 0.0048s/iter; left time: 9.8274s
	iters: 1500, epoch: 1 | loss: 0.6543931
	speed: 0.0050s/iter; left time: 9.7034s
	iters: 1600, epoch: 1 | loss: 0.6611016
	speed: 0.0048s/iter; left time: 8.8352s
	iters: 1700, epoch: 1 | loss: 0.5493323
	speed: 0.0053s/iter; left time: 9.2152s
	iters: 1800, epoch: 1 | loss: 0.6867442
	speed: 0.0056s/iter; left time: 9.1916s
	iters: 1900, epoch: 1 | loss: 0.5541711
	speed: 0.0053s/iter; left time: 8.1699s
	iters: 2000, epoch: 1 | loss: 0.7357545
	speed: 0.0051s/iter; left time: 7.2364s
	iters: 2100, epoch: 1 | loss: 0.5841987
	speed: 0.0050s/iter; left time: 6.6993s
	iters: 2200, epoch: 1 | loss: 0.5672253
	speed: 0.0049s/iter; left time: 6.0768s
	iters: 2300, epoch: 1 | loss: 0.4226232
	speed: 0.0047s/iter; left time: 5.3060s
	iters: 2400, epoch: 1 | loss: 0.6914236
	speed: 0.0046s/iter; left time: 4.7657s
	iters: 2500, epoch: 1 | loss: 0.7737972
	speed: 0.0047s/iter; left time: 4.3725s
	iters: 2600, epoch: 1 | loss: 0.7833238
	speed: 0.0053s/iter; left time: 4.4248s
	iters: 2700, epoch: 1 | loss: 0.6778022
	speed: 0.0048s/iter; left time: 3.4904s
	iters: 2800, epoch: 1 | loss: 0.5764437
	speed: 0.0050s/iter; left time: 3.1248s
	iters: 2900, epoch: 1 | loss: 0.6716033
	speed: 0.0049s/iter; left time: 2.6060s
	iters: 3000, epoch: 1 | loss: 0.5549048
	speed: 0.0049s/iter; left time: 2.1043s
	iters: 3100, epoch: 1 | loss: 0.6346006
	speed: 0.0053s/iter; left time: 1.7503s
	iters: 3200, epoch: 1 | loss: 0.5961612
	speed: 0.0065s/iter; left time: 1.4979s
	iters: 3300, epoch: 1 | loss: 0.6580185
	speed: 0.0069s/iter; left time: 0.8922s
	iters: 3400, epoch: 1 | loss: 0.6405789
	speed: 0.0063s/iter; left time: 0.1890s
Epoch: 1 cost time: 18.01529312133789
Epoch: 1, Steps: 3429 | Train Loss: 0.6534052 Vali Loss: 0.0208203 Test Loss: 0.1116303
Validation loss decreased (inf --> 0.020820).  Saving model ...
Updating learning rate to 0.0001
>>>>>>>testing : data_complesso_del_duomo_DLinear_custom_ftMS_sl96_ll48_pl96_dm512_nh8_el2_dl1_df2048_fc1_ebtimeF_dtTrue_Exp_0<<<<<<<<<<<<<<<<<<<<<<<<<<<<<<<<<
test 62670
mse:0.111630380153656, mae:0.20184378325939178, rse:0.8701307773590088, corr:[0.47508678 0.48128948 0.48429388 0.48988703 0.48754925 0.49206674
 0.49408847 0.49197417 0.49058643 0.4900427  0.48783785 0.48724982
 0.48914394 0.48793483 0.4866275  0.4881148  0.4877663  0.48606452
 0.48928615 0.48725858 0.49038756 0.4899938  0.4875758  0.49140552
 0.4890787  0.49145582 0.48973432 0.4900313  0.48981997 0.48962608
 0.48832184 0.489883   0.486276   0.48589712 0.48784658 0.48564968
 0.48564142 0.48631606 0.48736757 0.48417208 0.4851729  0.48926535
 0.48485664 0.48564178 0.4853387  0.4864203  0.4861349  0.4842513
 0.48619998 0.48563552 0.48747787 0.48775074 0.48593625 0.48737296
 0.48540393 0.48587853 0.48692805 0.4856453  0.48579016 0.48463884
 0.48616192 0.487513   0.48696274 0.48278773 0.48563838 0.48637703
 0.48741376 0.48785254 0.48773235 0.4860632  0.48800564 0.48955187
 0.4865644  0.48925352 0.48721948 0.48786327 0.48891807 0.48788938
 0.48688385 0.48944026 0.48923492 0.48774806 0.48879763 0.48740926
 0.48611495 0.48858652 0.4887663  0.48858252 0.4906442  0.4915171
 0.49132633 0.4888724  0.4931905  0.49153483 0.4957698  0.50142807]
