Args in experiment:
Namespace(activation='gelu', batch_size=128, c_out=1, checkpoints='./checkpoints/', d_ff=2048, d_layers=1, d_model=512, data='custom', data_path='data_casa_di_giulietta.csv', dec_in=5, des='Exp', devices='0,1,2,3', distil=True, do_predict=False, dropout=0.05, e_layers=2, embed='timeF', embed_type=0, enc_in=5, factor=1, features='MS', freq='t', gpu=0, individual=False, is_training=1, itr=1, label_len=48, learning_rate=0.0001, loss='mse', lradj='type1', model='DLinear', model_id='data_casa_di_giulietta', moving_avg=25, n_heads=8, num_workers=10, output_attention=False, patience=3, pred_len=96, root_path='/home/dario/dev/Stage/Code/../main_dataset/count_data', seq_len=96, target='count', test_flop=False, testing=False, train_epochs=10, use_amp=False, use_gpu=True, use_multi_gpu=False)
this is accessed
Use GPU: cuda:0
>>>>>>>start training : data_casa_di_giulietta_DLinear_custom_ftMS_sl96_ll48_pl96_dm512_nh8_el2_dl1_df2048_fc1_ebtimeF_dtTrue_Exp_0>>>>>>>>>>>>>>>>>>>>>>>>>>
                  date  temp  rain  popularity  count
0  2014-01-01 13:30:00   1.0     0   17.576078      4
1  2014-01-01 13:45:00   1.0     0   17.576078     10
2  2014-01-01 14:00:00   1.0     0   17.576078     10
3  2014-01-01 14:15:00   1.0     0   17.576078     10
4  2014-01-01 14:30:00   1.0     0   17.576078      4
train 219228
                  date  temp  rain  popularity  count
0  2014-01-01 13:30:00   1.0     0   17.576078      4
1  2014-01-01 13:45:00   1.0     0   17.576078     10
2  2014-01-01 14:00:00   1.0     0   17.576078     10
3  2014-01-01 14:15:00   1.0     0   17.576078     10
4  2014-01-01 14:30:00   1.0     0   17.576078      4
val 31251
                  date  temp  rain  popularity  count
0  2014-01-01 13:30:00   1.0     0   17.576078      4
1  2014-01-01 13:45:00   1.0     0   17.576078     10
2  2014-01-01 14:00:00   1.0     0   17.576078     10
3  2014-01-01 14:15:00   1.0     0   17.576078     10
4  2014-01-01 14:30:00   1.0     0   17.576078      4
test 62596
	iters: 100, epoch: 1 | loss: 0.6268050
	speed: 0.0079s/iter; left time: 133.9723s
	iters: 200, epoch: 1 | loss: 0.7535284
	speed: 0.0046s/iter; left time: 78.4211s
	iters: 300, epoch: 1 | loss: 0.6066957
	speed: 0.0044s/iter; left time: 74.4462s
	iters: 400, epoch: 1 | loss: 0.5540619
	speed: 0.0046s/iter; left time: 76.1029s
	iters: 500, epoch: 1 | loss: 0.7445529
	speed: 0.0047s/iter; left time: 77.8966s
	iters: 600, epoch: 1 | loss: 0.6150069
	speed: 0.0047s/iter; left time: 78.4726s
	iters: 700, epoch: 1 | loss: 0.4941359
	speed: 0.0047s/iter; left time: 77.0982s
	iters: 800, epoch: 1 | loss: 0.5488765
	speed: 0.0054s/iter; left time: 88.6952s
